<?xml version="1.0" encoding="UTF-8"?>
<testng-results skipped="0" failed="1" total="2" passed="1">
  <reporter-output>
  </reporter-output>
  <suite name="Hipbar Web Application" duration-ms="279915" started-at="2017-07-20T08:27:15Z" finished-at="2017-07-20T08:31:55Z">
    <groups>
    </groups>
    <test name="Emailfied_Verification" duration-ms="149520" started-at="2017-07-20T08:27:15Z" finished-at="2017-07-20T08:29:44Z">
      <class name="Hipbar_fa_bar.For_Retailars_EmailField_verification">
        <test-method status="PASS" signature="EmailField_Verification()[pri:0, instance:Hipbar_fa_bar.For_Retailars_EmailField_verification@18ad742]" name="EmailField_Verification" duration-ms="149356" started-at="2017-07-20T13:57:15Z" finished-at="2017-07-20T13:59:44Z">
          <reporter-output>
          </reporter-output>
        </test-method> <!-- EmailField_Verification -->
      </class> <!-- Hipbar_fa_bar.For_Retailars_EmailField_verification -->
    </test> <!-- Emailfied_Verification -->
    <test name="MobileField_Verification" duration-ms="129215" started-at="2017-07-20T08:29:45Z" finished-at="2017-07-20T08:31:55Z">
      <class name="Hipbar_fa_bar.For_Retailars_MobileField_verification">
        <test-method status="FAIL" signature="Password_Verification()[pri:0, instance:Hipbar_fa_bar.For_Retailars_MobileField_verification@fc185]" name="Password_Verification" duration-ms="129091" started-at="2017-07-20T13:59:45Z" finished-at="2017-07-20T14:01:54Z">
          <exception class="java.lang.AssertionError">
            <message>
              <![CDATA[expected [true] but found [false]]]>
            </message>
            <full-stacktrace>
              <![CDATA[java.lang.AssertionError: expected [true] but found [false]
	at org.testng.Assert.fail(Assert.java:94)
	at org.testng.Assert.failNotEquals(Assert.java:513)
	at org.testng.Assert.assertTrue(Assert.java:42)
	at org.testng.Assert.assertTrue(Assert.java:52)
	at Hipbar_fa_bar.For_Retailars_MobileField_verification.Password_Verification(For_Retailars_MobileField_verification.java:61)
	at sun.reflect.NativeMethodAccessorImpl.invoke0(Native Method)
	at sun.reflect.NativeMethodAccessorImpl.invoke(Unknown Source)
	at sun.reflect.DelegatingMethodAccessorImpl.invoke(Unknown Source)
	at java.lang.reflect.Method.invoke(Unknown Source)
	at org.testng.internal.MethodInvocationHelper.invokeMethod(MethodInvocationHelper.java:86)
	at org.testng.internal.Invoker.invokeMethod(Invoker.java:646)
	at org.testng.internal.Invoker.invokeTestMethod(Invoker.java:823)
	at org.testng.internal.Invoker.invokeTestMethods(Invoker.java:1131)
	at org.testng.internal.TestMethodWorker.invokeTestMethods(TestMethodWorker.java:129)
	at org.testng.internal.TestMethodWorker.run(TestMethodWorker.java:112)
	at org.testng.TestRunner.privateRun(TestRunner.java:778)
	at org.testng.TestRunner.run(TestRunner.java:632)
	at org.testng.SuiteRunner.runTest(SuiteRunner.java:366)
	at org.testng.SuiteRunner.runSequentially(SuiteRunner.java:361)
	at org.testng.SuiteRunner.privateRun(SuiteRunner.java:319)
	at org.testng.SuiteRunner.run(SuiteRunner.java:268)
	at org.testng.SuiteRunnerWorker.runSuite(SuiteRunnerWorker.java:52)
	at org.testng.SuiteRunnerWorker.run(SuiteRunnerWorker.java:86)
	at org.testng.TestNG.runSuitesSequentially(TestNG.java:1225)
	at org.testng.TestNG.runSuitesLocally(TestNG.java:1150)
	at org.testng.TestNG.runSuites(TestNG.java:1075)
	at org.testng.TestNG.run(TestNG.java:1047)
	at org.testng.remote.AbstractRemoteTestNG.run(AbstractRemoteTestNG.java:126)
	at org.testng.remote.RemoteTestNG.initAndRun(RemoteTestNG.java:137)
	at org.testng.remote.RemoteTestNG.main(RemoteTestNG.java:58)
]]>
            </full-stacktrace>
          </exception> <!-- java.lang.AssertionError -->
          <reporter-output>
          </reporter-output>
        </test-method> <!-- Password_Verification -->
      </class> <!-- Hipbar_fa_bar.For_Retailars_MobileField_verification -->
    </test> <!-- MobileField_Verification -->
  </suite> <!-- Hipbar Web Application -->
</testng-results>
